Arguments: 
  D:\Software\node.exe D:\Software\Yarn\bin\yarn.js install

PATH: 
  D:\Software\cmder\vendor\git-for-windows\mingw64\bin;D:\Software\cmder\vendor\git-for-windows\usr\bin;C:\Users\wxy\bin;C:\Users\wxy\jirengu\node-todo\node_modules\.bin;C:\Program Files (x86)\Intel\iCLS Client;C:\Program Files\Intel\iCLS Client;C:\windows\system32;C:\windows;C:\windows\System32\Wbem;C:\windows\System32\WindowsPowerShell\v1.0;C:\Program Files (x86)\NVIDIA Corporation\PhysX\Common;C:\Program Files (x86)\Intel\Intel(R) Management Engine Components\DAL;C:\Program Files\Intel\Intel(R) Management Engine Components\DAL;C:\Program Files (x86)\Intel\Intel(R) Management Engine Components\IPT;C:\Program Files\Intel\Intel(R) Management Engine Components\IPT;C:\WINDOWS\system32;C:\WINDOWS;C:\WINDOWS\System32\Wbem;C:\WINDOWS\System32\WindowsPowerShell\v1.0;C:\WINDOWS\System32\OpenSSH;D:\mysql-8.0.16-winx64\mysql-8.0.16-winx64\bin;D:\Software\Yarn\bin;C:\Program Files\Git\cmd;D:\Software;D:\Software\nodejs;C:\Users\wxy\AppData\Local\Microsoft\WindowsApps;C:\Users\wxy\AppData\Local\Programs\Microsoft VS Code\bin;C:\Users\wxy\AppData\Local\Yarn\bin;C:\Program Files\JetBrains\WebStorm 2020.3\bin;D:\Software\nodejs;C:\Users\wxy\AppData\Roaming\npm

Yarn version: 
  1.22.5

Node version: 
  12.22.1

Platform: 
  win32 x64

Trace: 
  SyntaxError: C:\Users\wxy\jirengu\node-todo\package.json: Unexpected token y in JSON at position 140
      at JSON.parse (<anonymous>)
      at D:\Software\Yarn\lib\cli.js:1625:59
      at Generator.next (<anonymous>)
      at step (D:\Software\Yarn\lib\cli.js:310:30)
      at D:\Software\Yarn\lib\cli.js:321:13

npm manifest: 
  {
    "name": "node-todo",
    "version": "0.0.1",
    "main": "cli.js",
    "license": "MIT",
    "dependencies": {
      "commander": "3.0.2"
    }
  }
  yar

yarn manifest: 
  No manifest

Lockfile: 
  # THIS IS AN AUTOGENERATED FILE. DO NOT EDIT THIS FILE DIRECTLY.
  # yarn lockfile v1
  
  
  commander@^3.0.2:
    version "3.0.2"
    resolved "https://registry.npmjs.org/commander/-/commander-3.0.2.tgz#6837c3fb677ad9933d1cfba42dd14d5117d6b39e"
    integrity sha512-Gar0ASD4BDyKC4hl4DwHqDrmvjoxWKZigVnAbn5H1owvm4CxCPdb0HQDehwNYMJpla5+M2tPmPARzhtYuwpHow==
